# JRE version: 7.0_05
# Java VM: OpenJDK 64-Bit Server VM (23.0-b21 mixed mode linux-amd64 compressed oops)
Heap
 PSYoungGen      total 281664K, used 30898K [0x00000000eaab0000, 0x0000000100000000, 0x0000000100000000)
  eden space 250752K, 0% used [0x00000000eaab0000,0x00000000eaab0000,0x00000000f9f90000)
  from space 30912K, 99% used [0x00000000f9f90000,0x00000000fbdbcbc0,0x00000000fbdc0000)
  to   space 55040K, 0% used [0x00000000fca40000,0x00000000fca40000,0x0000000100000000)
 ParOldGen       total 85248K, used 81931K [0x00000000c0000000, 0x00000000c5340000, 0x00000000eaab0000)
  object space 85248K, 96% used [0x00000000c0000000,0x00000000c5002fa8,0x00000000c5340000)
 PSPermGen       total 21248K, used 5743K [0x00000000b5a00000, 0x00000000b6ec0000, 0x00000000c0000000)
  object space 21248K, 27% used [0x00000000b5a00000,0x00000000b5f9bc88,0x00000000b6ec0000)
GC Heap History (10 events):
Event: 3,009 GC heap after
Heap after GC invocations=3 (full 0):
 PSYoungGen      total 69184K, used 5290K [0x00000000eaab0000, 0x00000000f31d0000, 0x0000000100000000)
  eden space 63872K, 0% used [0x00000000eaab0000,0x00000000eaab0000,0x00000000ee910000)
  from space 5312K, 99% used [0x00000000ee910000,0x00000000eee3a9f0,0x00000000eee40000)
  to   space 5312K, 0% used [0x00000000f2ca0000,0x00000000f2ca0000,0x00000000f31d0000)
 ParOldGen       total 85248K, used 15660K [0x00000000c0000000, 0x00000000c5340000, 0x00000000eaab0000)
  object space 85248K, 18% used [0x00000000c0000000,0x00000000c0f4b118,0x00000000c5340000)
 PSPermGen       total 21248K, used 5609K [0x00000000b5a00000, 0x00000000b6ec0000, 0x00000000c0000000)
  object space 21248K, 26% used [0x00000000b5a00000,0x00000000b5f7a520,0x00000000b6ec0000)
}
Event: 3,334 GC heap before
{Heap before GC invocations=4 (full 0):
 PSYoungGen      total 69184K, used 69162K [0x00000000eaab0000, 0x00000000f31d0000, 0x0000000100000000)
  eden space 63872K, 100% used [0x00000000eaab0000,0x00000000ee910000,0x00000000ee910000)
  from space 5312K, 99% used [0x00000000ee910000,0x00000000eee3a9f0,0x00000000eee40000)
  to   space 5312K, 0% used [0x00000000f2ca0000,0x00000000f2ca0000,0x00000000f31d0000)
 ParOldGen       total 85248K, used 15660K [0x00000000c0000000, 0x00000000c5340000, 0x00000000eaab0000)
  object space 85248K, 18% used [0x00000000c0000000,0x00000000c0f4b118,0x00000000c5340000)
 PSPermGen       total 21248K, used 5635K [0x00000000b5a00000, 0x00000000b6ec0000, 0x00000000c0000000)
  object space 21248K, 26% used [0x00000000b5a00000,0x00000000b5f80d68,0x00000000b6ec0000)
Event: 3,446 GC heap after
Heap after GC invocations=4 (full 0):
 PSYoungGen      total 133056K, used 5293K [0x00000000eaab0000, 0x00000000f31d0000, 0x0000000100000000)
  eden space 127744K, 0% used [0x00000000eaab0000,0x00000000eaab0000,0x00000000f2770000)
  from space 5312K, 99% used [0x00000000f2ca0000,0x00000000f31cb758,0x00000000f31d0000)
  to   space 5312K, 0% used [0x00000000f2770000,0x00000000f2770000,0x00000000f2ca0000)
 ParOldGen       total 85248K, used 25110K [0x00000000c0000000, 0x00000000c5340000, 0x00000000eaab0000)
  object space 85248K, 29% used [0x00000000c0000000,0x00000000c18858c8,0x00000000c5340000)
 PSPermGen       total 21248K, used 5635K [0x00000000b5a00000, 0x00000000b6ec0000, 0x00000000c0000000)
  object space 21248K, 26% used [0x00000000b5a00000,0x00000000b5f80d68,0x00000000b6ec0000)
}
Event: 4,281 GC heap before
{Heap before GC invocations=5 (full 0):
 PSYoungGen      total 133056K, used 133037K [0x00000000eaab0000, 0x00000000f31d0000, 0x0000000100000000)
  eden space 127744K, 100% used [0x00000000eaab0000,0x00000000f2770000,0x00000000f2770000)
  from space 5312K, 99% used [0x00000000f2ca0000,0x00000000f31cb758,0x00000000f31d0000)
  to   space 5312K, 0% used [0x00000000f2770000,0x00000000f2770000,0x00000000f2ca0000)
 ParOldGen       total 85248K, used 25110K [0x00000000c0000000, 0x00000000c5340000, 0x00000000eaab0000)
  object space 85248K, 29% used [0x00000000c0000000,0x00000000c18858c8,0x00000000c5340000)
 PSPermGen       total 21248K, used 5701K [0x00000000b5a00000, 0x00000000b6ec0000, 0x00000000c0000000)
  object space 21248K, 26% used [0x00000000b5a00000,0x00000000b5f91588,0x00000000b6ec0000)
Event: 4,565 GC heap after
Heap after GC invocations=5 (full 0):
 PSYoungGen      total 133056K, used 5299K [0x00000000eaab0000, 0x00000000fd750000, 0x0000000100000000)
  eden space 127744K, 0% used [0x00000000eaab0000,0x00000000eaab0000,0x00000000f2770000)
  from space 5312K, 99% used [0x00000000f2770000,0x00000000f2c9ced8,0x00000000f2ca0000)
  to   space 26176K, 0% used [0x00000000fbdc0000,0x00000000fbdc0000,0x00000000fd750000)
 ParOldGen       total 85248K, used 44514K [0x00000000c0000000, 0x00000000c5340000, 0x00000000eaab0000)
  object space 85248K, 52% used [0x00000000c0000000,0x00000000c2b78828,0x00000000c5340000)
 PSPermGen       total 21248K, used 5701K [0x00000000b5a00000, 0x00000000b6ec0000, 0x00000000c0000000)
  object space 21248K, 26% used [0x00000000b5a00000,0x00000000b5f91588,0x00000000b6ec0000)
}
Event: 5,096 GC heap before
{Heap before GC invocations=6 (full 0):
 PSYoungGen      total 133056K, used 133043K [0x00000000eaab0000, 0x00000000fd750000, 0x0000000100000000)
  eden space 127744K, 100% used [0x00000000eaab0000,0x00000000f2770000,0x00000000f2770000)
  from space 5312K, 99% used [0x00000000f2770000,0x00000000f2c9ced8,0x00000000f2ca0000)
  to   space 26176K, 0% used [0x00000000fbdc0000,0x00000000fbdc0000,0x00000000fd750000)
 ParOldGen       total 85248K, used 44514K [0x00000000c0000000, 0x00000000c5340000, 0x00000000eaab0000)
  object space 85248K, 52% used [0x00000000c0000000,0x00000000c2b78828,0x00000000c5340000)
 PSPermGen       total 21248K, used 5715K [0x00000000b5a00000, 0x00000000b6ec0000, 0x00000000c0000000)
  object space 21248K, 26% used [0x00000000b5a00000,0x00000000b5f94f30,0x00000000b6ec0000)
Event: 5,407 GC heap after
Heap after GC invocations=6 (full 0):
 PSYoungGen      total 276928K, used 26022K [0x00000000eaab0000, 0x00000000fe090000, 0x0000000100000000)
  eden space 250752K, 0% used [0x00000000eaab0000,0x00000000eaab0000,0x00000000f9f90000)
  from space 26176K, 99% used [0x00000000fbdc0000,0x00000000fd729b70,0x00000000fd750000)
  to   space 30912K, 0% used [0x00000000f9f90000,0x00000000f9f90000,0x00000000fbdc0000)
 ParOldGen       total 85248K, used 44522K [0x00000000c0000000, 0x00000000c5340000, 0x00000000eaab0000)
  object space 85248K, 52% used [0x00000000c0000000,0x00000000c2b7a828,0x00000000c5340000)
 PSPermGen       total 21248K, used 5715K [0x00000000b5a00000, 0x00000000b6ec0000, 0x00000000c0000000)
  object space 21248K, 26% used [0x00000000b5a00000,0x00000000b5f94f30,0x00000000b6ec0000)
}
Event: 6,767 GC heap before
{Heap before GC invocations=7 (full 0):
 PSYoungGen      total 276928K, used 276774K [0x00000000eaab0000, 0x00000000fe090000, 0x0000000100000000)
  eden space 250752K, 100% used [0x00000000eaab0000,0x00000000f9f90000,0x00000000f9f90000)
  from space 26176K, 99% used [0x00000000fbdc0000,0x00000000fd729b70,0x00000000fd750000)
  to   space 30912K, 0% used [0x00000000f9f90000,0x00000000f9f90000,0x00000000fbdc0000)
 ParOldGen       total 85248K, used 44522K [0x00000000c0000000, 0x00000000c5340000, 0x00000000eaab0000)
  object space 85248K, 52% used [0x00000000c0000000,0x00000000c2b7a828,0x00000000c5340000)
 PSPermGen       total 21248K, used 5743K [0x00000000b5a00000, 0x00000000b6ec0000, 0x00000000c0000000)
  object space 21248K, 27% used [0x00000000b5a00000,0x00000000b5f9bc88,0x00000000b6ec0000)
Event: 7,346 GC heap after
Heap after GC invocations=7 (full 0):
 PSYoungGen      total 281664K, used 30898K [0x00000000eaab0000, 0x0000000100000000, 0x0000000100000000)
  eden space 250752K, 0% used [0x00000000eaab0000,0x00000000eaab0000,0x00000000f9f90000)
  from space 30912K, 99% used [0x00000000f9f90000,0x00000000fbdbcbc0,0x00000000fbdc0000)
  to   space 55040K, 0% used [0x00000000fca40000,0x00000000fca40000,0x0000000100000000)
 ParOldGen       total 85248K, used 81931K [0x00000000c0000000, 0x00000000c5340000, 0x00000000eaab0000)
  object space 85248K, 96% used [0x00000000c0000000,0x00000000c5002fa8,0x00000000c5340000)
 PSPermGen       total 21248K, used 5743K [0x00000000b5a00000, 0x00000000b6ec0000, 0x00000000c0000000)
  object space 21248K, 27% used [0x00000000b5a00000,0x00000000b5f9bc88,0x00000000b6ec0000)
}
Event: 7,346 GC heap before
{Heap before GC invocations=8 (full 1):
 PSYoungGen      total 281664K, used 30898K [0x00000000eaab0000, 0x0000000100000000, 0x0000000100000000)
  eden space 250752K, 0% used [0x00000000eaab0000,0x00000000eaab0000,0x00000000f9f90000)
  from space 30912K, 99% used [0x00000000f9f90000,0x00000000fbdbcbc0,0x00000000fbdc0000)
  to   space 55040K, 0% used [0x00000000fca40000,0x00000000fca40000,0x0000000100000000)
 ParOldGen       total 85248K, used 81931K [0x00000000c0000000, 0x00000000c5340000, 0x00000000eaab0000)
  object space 85248K, 96% used [0x00000000c0000000,0x00000000c5002fa8,0x00000000c5340000)
 PSPermGen       total 21248K, used 5743K [0x00000000b5a00000, 0x00000000b6ec0000, 0x00000000c0000000)
  object space 21248K, 27% used [0x00000000b5a00000,0x00000000b5f9bc88,0x00000000b6ec0000)

