# JRE version: 7.0_05
# Java VM: OpenJDK 64-Bit Server VM (23.0-b21 mixed mode linux-amd64 compressed oops)
Heap
 PSYoungGen      total 281664K, used 273621K [0x00000000eaab0000, 0x0000000100000000, 0x0000000100000000)
  eden space 250624K, 100% used [0x00000000eaab0000,0x00000000f9f70000,0x00000000f9f70000)
  from space 31040K, 74% used [0x00000000f9f70000,0x00000000fb5e5410,0x00000000fbdc0000)
  to   space 54912K, 7% used [0x00000000fca60000,0x00000000fce58010,0x0000000100000000)
 ParOldGen       total 164800K, used 85366K [0x00000000c0000000, 0x00000000ca0f0000, 0x00000000eaab0000)
  object space 164800K, 51% used [0x00000000c0000000,0x00000000c535d990,0x00000000ca0f0000)
 PSPermGen       total 21248K, used 5754K [0x00000000b5a00000, 0x00000000b6ec0000, 0x00000000c0000000)
  object space 21248K, 27% used [0x00000000b5a00000,0x00000000b5f9e850,0x00000000b6ec0000)
GC Heap History (10 events):
Event: 2,593 GC heap after
Heap after GC invocations=4 (full 0):
 PSYoungGen      total 133056K, used 5300K [0x00000000eaab0000, 0x00000000f31d0000, 0x0000000100000000)
  eden space 127744K, 0% used [0x00000000eaab0000,0x00000000eaab0000,0x00000000f2770000)
  from space 5312K, 99% used [0x00000000f2ca0000,0x00000000f31cd3a0,0x00000000f31d0000)
  to   space 5312K, 0% used [0x00000000f2770000,0x00000000f2770000,0x00000000f2ca0000)
 ParOldGen       total 85248K, used 25191K [0x00000000c0000000, 0x00000000c5340000, 0x00000000eaab0000)
  object space 85248K, 29% used [0x00000000c0000000,0x00000000c1899e68,0x00000000c5340000)
 PSPermGen       total 21248K, used 5629K [0x00000000b5a00000, 0x00000000b6ec0000, 0x00000000c0000000)
  object space 21248K, 26% used [0x00000000b5a00000,0x00000000b5f7f668,0x00000000b6ec0000)
}
Event: 3,147 GC heap before
{Heap before GC invocations=5 (full 0):
 PSYoungGen      total 133056K, used 133044K [0x00000000eaab0000, 0x00000000f31d0000, 0x0000000100000000)
  eden space 127744K, 100% used [0x00000000eaab0000,0x00000000f2770000,0x00000000f2770000)
  from space 5312K, 99% used [0x00000000f2ca0000,0x00000000f31cd3a0,0x00000000f31d0000)
  to   space 5312K, 0% used [0x00000000f2770000,0x00000000f2770000,0x00000000f2ca0000)
 ParOldGen       total 85248K, used 25191K [0x00000000c0000000, 0x00000000c5340000, 0x00000000eaab0000)
  object space 85248K, 29% used [0x00000000c0000000,0x00000000c1899e68,0x00000000c5340000)
 PSPermGen       total 21248K, used 5696K [0x00000000b5a00000, 0x00000000b6ec0000, 0x00000000c0000000)
  object space 21248K, 26% used [0x00000000b5a00000,0x00000000b5f90060,0x00000000b6ec0000)
Event: 3,222 GC heap after
Heap after GC invocations=5 (full 0):
 PSYoungGen      total 133056K, used 5306K [0x00000000eaab0000, 0x00000000fd750000, 0x0000000100000000)
  eden space 127744K, 0% used [0x00000000eaab0000,0x00000000eaab0000,0x00000000f2770000)
  from space 5312K, 99% used [0x00000000f2770000,0x00000000f2c9e9c8,0x00000000f2ca0000)
  to   space 26176K, 0% used [0x00000000fbdc0000,0x00000000fbdc0000,0x00000000fd750000)
 ParOldGen       total 85248K, used 44486K [0x00000000c0000000, 0x00000000c5340000, 0x00000000eaab0000)
  object space 85248K, 52% used [0x00000000c0000000,0x00000000c2b71b98,0x00000000c5340000)
 PSPermGen       total 21248K, used 5696K [0x00000000b5a00000, 0x00000000b6ec0000, 0x00000000c0000000)
  object space 21248K, 26% used [0x00000000b5a00000,0x00000000b5f90060,0x00000000b6ec0000)
}
Event: 3,922 GC heap before
{Heap before GC invocations=6 (full 0):
 PSYoungGen      total 133056K, used 133050K [0x00000000eaab0000, 0x00000000fd750000, 0x0000000100000000)
  eden space 127744K, 100% used [0x00000000eaab0000,0x00000000f2770000,0x00000000f2770000)
  from space 5312K, 99% used [0x00000000f2770000,0x00000000f2c9e9c8,0x00000000f2ca0000)
  to   space 26176K, 0% used [0x00000000fbdc0000,0x00000000fbdc0000,0x00000000fd750000)
 ParOldGen       total 85248K, used 44486K [0x00000000c0000000, 0x00000000c5340000, 0x00000000eaab0000)
  object space 85248K, 52% used [0x00000000c0000000,0x00000000c2b71b98,0x00000000c5340000)
 PSPermGen       total 21248K, used 5714K [0x00000000b5a00000, 0x00000000b6ec0000, 0x00000000c0000000)
  object space 21248K, 26% used [0x00000000b5a00000,0x00000000b5f94868,0x00000000b6ec0000)
Event: 4,013 GC heap after
Heap after GC invocations=6 (full 0):
 PSYoungGen      total 276800K, used 26157K [0x00000000eaab0000, 0x00000000fe0d0000, 0x0000000100000000)
  eden space 250624K, 0% used [0x00000000eaab0000,0x00000000eaab0000,0x00000000f9f70000)
  from space 26176K, 99% used [0x00000000fbdc0000,0x00000000fd74b660,0x00000000fd750000)
  to   space 31040K, 0% used [0x00000000f9f70000,0x00000000f9f70000,0x00000000fbdc0000)
 ParOldGen       total 85248K, used 44486K [0x00000000c0000000, 0x00000000c5340000, 0x00000000eaab0000)
  object space 85248K, 52% used [0x00000000c0000000,0x00000000c2b71b98,0x00000000c5340000)
 PSPermGen       total 21248K, used 5714K [0x00000000b5a00000, 0x00000000b6ec0000, 0x00000000c0000000)
  object space 21248K, 26% used [0x00000000b5a00000,0x00000000b5f94868,0x00000000b6ec0000)
}
Event: 4,840 GC heap before
{Heap before GC invocations=7 (full 0):
 PSYoungGen      total 276800K, used 276781K [0x00000000eaab0000, 0x00000000fe0d0000, 0x0000000100000000)
  eden space 250624K, 100% used [0x00000000eaab0000,0x00000000f9f70000,0x00000000f9f70000)
  from space 26176K, 99% used [0x00000000fbdc0000,0x00000000fd74b660,0x00000000fd750000)
  to   space 31040K, 0% used [0x00000000f9f70000,0x00000000f9f70000,0x00000000fbdc0000)
 ParOldGen       total 85248K, used 44486K [0x00000000c0000000, 0x00000000c5340000, 0x00000000eaab0000)
  object space 85248K, 52% used [0x00000000c0000000,0x00000000c2b71b98,0x00000000c5340000)
 PSPermGen       total 21248K, used 5744K [0x00000000b5a00000, 0x00000000b6ec0000, 0x00000000c0000000)
  object space 21248K, 27% used [0x00000000b5a00000,0x00000000b5f9c2b0,0x00000000b6ec0000)
Event: 5,082 GC heap after
Heap after GC invocations=7 (full 0):
 PSYoungGen      total 281664K, used 31010K [0x00000000eaab0000, 0x0000000100000000, 0x0000000100000000)
  eden space 250624K, 0% used [0x00000000eaab0000,0x00000000eaab0000,0x00000000f9f70000)
  from space 31040K, 99% used [0x00000000f9f70000,0x00000000fbdb8a98,0x00000000fbdc0000)
  to   space 54912K, 0% used [0x00000000fca60000,0x00000000fca60000,0x0000000100000000)
 ParOldGen       total 85248K, used 81414K [0x00000000c0000000, 0x00000000c5340000, 0x00000000eaab0000)
  object space 85248K, 95% used [0x00000000c0000000,0x00000000c4f81a28,0x00000000c5340000)
 PSPermGen       total 21248K, used 5744K [0x00000000b5a00000, 0x00000000b6ec0000, 0x00000000c0000000)
  object space 21248K, 27% used [0x00000000b5a00000,0x00000000b5f9c2b0,0x00000000b6ec0000)
}
Event: 5,082 GC heap before
{Heap before GC invocations=8 (full 1):
 PSYoungGen      total 281664K, used 31010K [0x00000000eaab0000, 0x0000000100000000, 0x0000000100000000)
  eden space 250624K, 0% used [0x00000000eaab0000,0x00000000eaab0000,0x00000000f9f70000)
  from space 31040K, 99% used [0x00000000f9f70000,0x00000000fbdb8a98,0x00000000fbdc0000)
  to   space 54912K, 0% used [0x00000000fca60000,0x00000000fca60000,0x0000000100000000)
 ParOldGen       total 85248K, used 81414K [0x00000000c0000000, 0x00000000c5340000, 0x00000000eaab0000)
  object space 85248K, 95% used [0x00000000c0000000,0x00000000c4f81a28,0x00000000c5340000)
 PSPermGen       total 21248K, used 5744K [0x00000000b5a00000, 0x00000000b6ec0000, 0x00000000c0000000)
  object space 21248K, 27% used [0x00000000b5a00000,0x00000000b5f9c2b0,0x00000000b6ec0000)
Event: 5,683 GC heap after
Heap after GC invocations=8 (full 1):
 PSYoungGen      total 281664K, used 22997K [0x00000000eaab0000, 0x0000000100000000, 0x0000000100000000)
  eden space 250624K, 0% used [0x00000000eaab0000,0x00000000eaab0000,0x00000000f9f70000)
  from space 31040K, 74% used [0x00000000f9f70000,0x00000000fb5e5410,0x00000000fbdc0000)
  to   space 54912K, 0% used [0x00000000fca60000,0x00000000fca60000,0x0000000100000000)
 ParOldGen       total 164800K, used 85246K [0x00000000c0000000, 0x00000000ca0f0000, 0x00000000eaab0000)
  object space 164800K, 51% used [0x00000000c0000000,0x00000000c533f990,0x00000000ca0f0000)
 PSPermGen       total 21248K, used 5738K [0x00000000b5a00000, 0x00000000b6ec0000, 0x00000000c0000000)
  object space 21248K, 27% used [0x00000000b5a00000,0x00000000b5f9a900,0x00000000b6ec0000)
}
Event: 6,384 GC heap before
{Heap before GC invocations=9 (full 1):
 PSYoungGen      total 281664K, used 273621K [0x00000000eaab0000, 0x0000000100000000, 0x0000000100000000)
  eden space 250624K, 100% used [0x00000000eaab0000,0x00000000f9f70000,0x00000000f9f70000)
  from space 31040K, 74% used [0x00000000f9f70000,0x00000000fb5e5410,0x00000000fbdc0000)
  to   space 54912K, 0% used [0x00000000fca60000,0x00000000fca60000,0x0000000100000000)
 ParOldGen       total 164800K, used 85246K [0x00000000c0000000, 0x00000000ca0f0000, 0x00000000eaab0000)
  object space 164800K, 51% used [0x00000000c0000000,0x00000000c533f990,0x00000000ca0f0000)
 PSPermGen       total 21248K, used 5754K [0x00000000b5a00000, 0x00000000b6ec0000, 0x00000000c0000000)
  object space 21248K, 27% used [0x00000000b5a00000,0x00000000b5f9e850,0x00000000b6ec0000)

